0 info it worked if it ends with ok
1 verbose cli [ 'C:\\ProgramData\\chocolatey\\lib\\nodejs.commandline.0.10.33\\tools\\node.exe',
1 verbose cli   'C:\\ProgramData\\chocolatey\\lib\\npm.1.4.9\\tools\\node_modules\\npm\\bin\\npm-cli.js',
1 verbose cli   'install',
1 verbose cli   'ng-lodash' ]
2 info using npm@1.4.9
3 info using node@v0.10.33
4 verbose readDependencies using package.json deps
5 verbose cache add [ 'ng-lodash', null ]
6 verbose cache add name=undefined spec="ng-lodash" args=["ng-lodash",null]
7 verbose parsed url { protocol: null,
7 verbose parsed url   slashes: null,
7 verbose parsed url   auth: null,
7 verbose parsed url   host: null,
7 verbose parsed url   port: null,
7 verbose parsed url   hostname: null,
7 verbose parsed url   hash: null,
7 verbose parsed url   search: null,
7 verbose parsed url   query: null,
7 verbose parsed url   pathname: 'ng-lodash',
7 verbose parsed url   path: 'ng-lodash',
7 verbose parsed url   href: 'ng-lodash' }
8 silly lockFile b778e02b-ng-lodash ng-lodash
9 verbose lock ng-lodash C:\Users\zafer_000\AppData\Roaming\npm-cache\b778e02b-ng-lodash.lock
10 silly lockFile b778e02b-ng-lodash ng-lodash
11 silly lockFile b778e02b-ng-lodash ng-lodash
12 verbose addNamed [ 'ng-lodash', '' ]
13 verbose addNamed [ null, '*' ]
14 silly lockFile e8506165-ng-lodash ng-lodash@
15 verbose lock ng-lodash@ C:\Users\zafer_000\AppData\Roaming\npm-cache\e8506165-ng-lodash.lock
16 silly addNameRange { name: 'ng-lodash', range: '*', hasData: false }
17 verbose url raw ng-lodash
18 verbose url resolving [ 'https://registry.npmjs.org/', './ng-lodash' ]
19 verbose url resolved https://registry.npmjs.org/ng-lodash
20 info trying registry request attempt 1 at 22:29:19
21 http GET https://registry.npmjs.org/ng-lodash
22 http 404 https://registry.npmjs.org/ng-lodash
23 verbose headers { date: 'Tue, 25 Nov 2014 04:29:20 GMT',
23 verbose headers   server: 'CouchDB/1.5.0 (Erlang OTP/R16B03)',
23 verbose headers   'content-type': 'application/json',
23 verbose headers   'cache-control': 'max-age=0',
23 verbose headers   'content-length': '52',
23 verbose headers   'accept-ranges': 'bytes',
23 verbose headers   via: '1.1 varnish',
23 verbose headers   age: '0',
23 verbose headers   'x-served-by': 'cache-dfw1820-DFW',
23 verbose headers   'x-cache': 'MISS',
23 verbose headers   'x-cache-hits': '0',
23 verbose headers   'x-timer': 'S1416889760.630041,VS0,VE44',
23 verbose headers   'keep-alive': 'timeout=10, max=50',
23 verbose headers   connection: 'Keep-Alive' }
24 silly registry.get cb [ 404,
24 silly registry.get   { date: 'Tue, 25 Nov 2014 04:29:20 GMT',
24 silly registry.get     server: 'CouchDB/1.5.0 (Erlang OTP/R16B03)',
24 silly registry.get     'content-type': 'application/json',
24 silly registry.get     'cache-control': 'max-age=0',
24 silly registry.get     'content-length': '52',
24 silly registry.get     'accept-ranges': 'bytes',
24 silly registry.get     via: '1.1 varnish',
24 silly registry.get     age: '0',
24 silly registry.get     'x-served-by': 'cache-dfw1820-DFW',
24 silly registry.get     'x-cache': 'MISS',
24 silly registry.get     'x-cache-hits': '0',
24 silly registry.get     'x-timer': 'S1416889760.630041,VS0,VE44',
24 silly registry.get     'keep-alive': 'timeout=10, max=50',
24 silly registry.get     connection: 'Keep-Alive' } ]
25 silly lockFile e8506165-ng-lodash ng-lodash@
26 silly lockFile e8506165-ng-lodash ng-lodash@
27 error 404 404 Not Found: ng-lodash
27 error 404
27 error 404 'ng-lodash' is not in the npm registry.
27 error 404 You should bug the author to publish it
27 error 404 It was specified as a dependency of 'ngPrayertimes'
27 error 404
27 error 404 Note that you can also install from a
27 error 404 tarball, folder, or http url, or git url.
28 error System Windows_NT 6.2.9200
29 error command "C:\\ProgramData\\chocolatey\\lib\\nodejs.commandline.0.10.33\\tools\\node.exe" "C:\\ProgramData\\chocolatey\\lib\\npm.1.4.9\\tools\\node_modules\\npm\\bin\\npm-cli.js" "install" "ng-lodash"
30 error cwd C:\develop\webstorm_projects\ngPrayertimes
31 error node -v v0.10.33
32 error npm -v 1.4.9
33 error code E404
34 verbose exit [ 1, true ]
